hhhw9/app/build/intermediates/manifest_merge_blame_file/debug/manifest-merger-blame-debug-report.txt
1<?xml version="1.0" encoding="utf-8"?>
2<manifest xmlns:android="http://schemas.android.com/apk/res/android"
3    package="com.example.hhhw9"
4    android:versionCode="1"
5    android:versionName="1.0" >
6
7    <uses-sdk
8        android:minSdkVersion="30"
8-->src\main\AndroidManifest.xml
9        android:targetSdkVersion="30" />
9-->src\main\AndroidManifest.xml
10
11    <uses-permission android:name="android.permission.INTERNET" />
11-->src\main\AndroidManifest.xml:5:5-67
11-->src\main\AndroidManifest.xml:5:22-64
12    <uses-permission android:name="android.permission.ACCESS_NETWORK_STATE" />
12-->src\main\AndroidManifest.xml:6:5-79
12-->src\main\AndroidManifest.xml:6:22-76
13    <uses-permission android:name="com.google.android.finsky.permission.BIND_GET_INSTALL_REFERRER_SERVICE" />
13-->[com.android.installreferrer:installreferrer:1.0] AndroidManifest.xml:9:5-110
13-->[com.android.installreferrer:installreferrer:1.0] AndroidManifest.xml:9:22-107
14
15    <application
15-->src\main\AndroidManifest.xml:8:5-33:19
16        android:allowBackup="true"
16-->src\main\AndroidManifest.xml:9:9-35
17        android:appComponentFactory="androidx.core.app.CoreComponentFactory"
17-->[androidx.core:core:1.3.1] AndroidManifest.xml:24:18-86
18        android:debuggable="true"
19        android:extractNativeLibs="false"
20        android:icon="@mipmap/ic_launcher"
20-->src\main\AndroidManifest.xml:10:9-43
21        android:label="@string/app_name"
21-->src\main\AndroidManifest.xml:11:9-41
22        android:roundIcon="@mipmap/ic_launcher_round"
22-->src\main\AndroidManifest.xml:12:9-54
23        android:supportsRtl="true"
23-->src\main\AndroidManifest.xml:13:9-35
24        android:testOnly="true"
25        android:theme="@style/Theme.Hhhw9"
25-->src\main\AndroidManifest.xml:16:9-43
26        android:usesCleartextTraffic="true" >
26-->src\main\AndroidManifest.xml:15:9-44
27        <activity android:name="com.example.hhhw9.Review" />
27-->src\main\AndroidManifest.xml:17:9-53
27-->src\main\AndroidManifest.xml:17:19-41
28        <activity android:name="com.example.hhhw9.TvDetail" />
28-->src\main\AndroidManifest.xml:19:9-46
28-->src\main\AndroidManifest.xml:19:19-43
29        <activity android:name="com.example.hhhw9.MovieDetail" />
29-->src\main\AndroidManifest.xml:20:9-49
29-->src\main\AndroidManifest.xml:20:19-46
30        <activity
30-->src\main\AndroidManifest.xml:21:9-23:54
31            android:name="com.example.hhhw9.FirstScreen"
31-->src\main\AndroidManifest.xml:22:13-40
32            android:windowSoftInputMode="adjustPan" />
32-->src\main\AndroidManifest.xml:23:13-52
33        <activity
33-->src\main\AndroidManifest.xml:24:9-32:20
34            android:name="com.example.hhhw9.MainActivity"
34-->src\main\AndroidManifest.xml:25:13-41
35            android:label="@string/app_name" >
35-->src\main\AndroidManifest.xml:26:13-45
36            <intent-filter>
36-->src\main\AndroidManifest.xml:27:13-31:29
37                <action android:name="android.intent.action.MAIN" />
37-->src\main\AndroidManifest.xml:28:17-69
37-->src\main\AndroidManifest.xml:28:25-66
38
39                <category android:name="android.intent.category.LAUNCHER" />
39-->src\main\AndroidManifest.xml:30:17-77
39-->src\main\AndroidManifest.xml:30:27-74
40            </intent-filter>
41        </activity>
42        <activity
42-->[com.facebook.android:facebook-common:5.15.3] AndroidManifest.xml:30:9-33:66
43            android:name="com.facebook.FacebookActivity"
43-->[com.facebook.android:facebook-common:5.15.3] AndroidManifest.xml:31:13-57
44            android:configChanges="keyboard|keyboardHidden|screenLayout|screenSize|orientation"
44-->[com.facebook.android:facebook-common:5.15.3] AndroidManifest.xml:32:13-96
45            android:theme="@style/com_facebook_activity_theme" />
45-->[com.facebook.android:facebook-common:5.15.3] AndroidManifest.xml:33:13-63
46        <activity android:name="com.facebook.CustomTabMainActivity" />
46-->[com.facebook.android:facebook-common:5.15.3] AndroidManifest.xml:34:9-71
46-->[com.facebook.android:facebook-common:5.15.3] AndroidManifest.xml:34:19-68
47        <activity
47-->[com.facebook.android:facebook-common:5.15.3] AndroidManifest.xml:35:9-49:20
48            android:name="com.facebook.CustomTabActivity"
48-->[com.facebook.android:facebook-common:5.15.3] AndroidManifest.xml:36:13-58
49            android:exported="true" >
49-->[com.facebook.android:facebook-common:5.15.3] AndroidManifest.xml:37:13-36
50            <intent-filter>
50-->[com.facebook.android:facebook-common:5.15.3] AndroidManifest.xml:39:13-48:29
51                <action android:name="android.intent.action.VIEW" />
51-->[com.facebook.android:facebook-common:5.15.3] AndroidManifest.xml:40:17-69
51-->[com.facebook.android:facebook-common:5.15.3] AndroidManifest.xml:40:25-66
52
53                <category android:name="android.intent.category.DEFAULT" />
53-->[com.facebook.android:facebook-common:5.15.3] AndroidManifest.xml:42:17-76
53-->[com.facebook.android:facebook-common:5.15.3] AndroidManifest.xml:42:27-73
54                <category android:name="android.intent.category.BROWSABLE" />
54-->[com.facebook.android:facebook-common:5.15.3] AndroidManifest.xml:43:17-78
54-->[com.facebook.android:facebook-common:5.15.3] AndroidManifest.xml:43:27-75
55
56                <data
56-->[com.facebook.android:facebook-common:5.15.3] AndroidManifest.xml:45:17-47:50
57                    android:host="cct.com.example.hhhw9"
57-->[com.facebook.android:facebook-common:5.15.3] AndroidManifest.xml:46:21-56
58                    android:scheme="fbconnect" />
58-->[com.facebook.android:facebook-common:5.15.3] AndroidManifest.xml:47:21-47
59            </intent-filter>
60        </activity>
61        <!--
62         The initialization ContentProvider will call FacebookSdk.sdkInitialize automatically
63         with the application context. This config is merged in with the host app's manifest,
64         but there can only be one provider with the same authority activated at any given
65         point; so if the end user has two or more different apps that use Facebook SDK, only the
66         first one will be able to use the provider. To work around this problem, we use the
67         following placeholder in the authority to identify each host application as if it was
68         a completely different provider.
69        -->
70        <provider
70-->[com.facebook.android:facebook-core:5.15.3] AndroidManifest.xml:39:9-42:40
71            android:name="com.facebook.internal.FacebookInitProvider"
71-->[com.facebook.android:facebook-core:5.15.3] AndroidManifest.xml:40:13-70
72            android:authorities="com.example.hhhw9.FacebookInitProvider"
72-->[com.facebook.android:facebook-core:5.15.3] AndroidManifest.xml:41:13-72
73            android:exported="false" />
73-->[com.facebook.android:facebook-core:5.15.3] AndroidManifest.xml:42:13-37
74
75        <receiver
75-->[com.facebook.android:facebook-core:5.15.3] AndroidManifest.xml:44:9-50:20
76            android:name="com.facebook.CurrentAccessTokenExpirationBroadcastReceiver"
76-->[com.facebook.android:facebook-core:5.15.3] AndroidManifest.xml:45:13-86
77            android:exported="false" >
77-->[com.facebook.android:facebook-core:5.15.3] AndroidManifest.xml:46:13-37
78            <intent-filter>
78-->[com.facebook.android:facebook-core:5.15.3] AndroidManifest.xml:47:13-49:29
79                <action android:name="com.facebook.sdk.ACTION_CURRENT_ACCESS_TOKEN_CHANGED" />
79-->[com.facebook.android:facebook-core:5.15.3] AndroidManifest.xml:48:17-95
79-->[com.facebook.android:facebook-core:5.15.3] AndroidManifest.xml:48:25-92
80            </intent-filter>
81        </receiver>
82    </application>
83
84</manifest>